Watching for file changes with StatReloader
Performing system checks...

System check identified no issues (0 silenced).

You have 1 unapplied migration(s). Your project may not work properly until you apply the migrations for app(s): auth.
Run 'python manage.py migrate' to apply them.
October 10, 2022 - 09:10:01
Django version 3.2.9, using settings 'DAVAI.settings'
Starting development server at http://0.0.0.0:8000/
Quit the server with CONTROL-C.
Not Found: /davai/tata
[10/Oct/2022 09:10:07] "GET /davai/tata HTTP/1.1" 404 4430
Not Found: /davai/
[10/Oct/2022 09:10:08] "GET /davai/ HTTP/1.1" 404 4418
Not Found: /davai/
[10/Oct/2022 09:17:57] "GET /davai/ HTTP/1.1" 404 4418
Not Found: /davai/
[10/Oct/2022 09:17:57] "GET /davai/ HTTP/1.1" 404 4418
Not Found: /davai/
[10/Oct/2022 09:17:58] "GET /davai/ HTTP/1.1" 404 4418
Not Found: /davai/
[10/Oct/2022 09:17:58] "GET /davai/ HTTP/1.1" 404 4418
Not Found: /davai/
[10/Oct/2022 09:17:58] "GET /davai/ HTTP/1.1" 404 4418
Not Found: /davai/
[10/Oct/2022 09:17:58] "GET /davai/ HTTP/1.1" 404 4418
Not Found: /davai/
[10/Oct/2022 09:17:58] "GET /davai/ HTTP/1.1" 404 4418
Not Found: /davai/
[10/Oct/2022 09:30:51] "GET /davai/ HTTP/1.1" 404 4418
Not Found: /davai/
[10/Oct/2022 12:20:33] "GET /davai/ HTTP/1.1" 404 4418
Not Found: /davai/
[10/Oct/2022 12:35:10] "GET /davai/ HTTP/1.1" 404 4418
Not Found: /davai/
[10/Oct/2022 12:35:20] "GET /davai/ HTTP/1.1" 404 4418
Not Found: /davai/
[11/Oct/2022 07:51:50] "GET /davai/ HTTP/1.1" 404 4418
Not Found: /davai/
[11/Oct/2022 07:57:51] "GET /davai/ HTTP/1.1" 404 4418
/d0/www-davai/DAVAI-ciboulai/DAVAI/DAVAI/settings.py changed, reloading.
Watching for file changes with StatReloader
Performing system checks...

System check identified no issues (0 silenced).

You have 19 unapplied migration(s). Your project may not work properly until you apply the migrations for app(s): admin, auth, ciboulai, contenttypes, sessions.
Run 'python manage.py migrate' to apply them.
October 11, 2022 - 07:58:22
Django version 3.2.9, using settings 'DAVAI.settings'
Starting development server at http://0.0.0.0:8000/
Quit the server with CONTROL-C.
/d0/www-davai/DAVAI-ciboulai/DAVAI/DAVAI/settings.py changed, reloading.
Watching for file changes with StatReloader
Performing system checks...

System check identified no issues (0 silenced).

You have 1 unapplied migration(s). Your project may not work properly until you apply the migrations for app(s): auth.
Run 'python manage.py migrate' to apply them.
October 11, 2022 - 08:00:39
Django version 3.2.9, using settings 'DAVAI.settings'
Starting development server at http://0.0.0.0:8000/
Quit the server with CONTROL-C.
/d0/www-davai/DAVAI-ciboulai/DAVAI/DAVAI/settings.py changed, reloading.
Watching for file changes with StatReloader
Performing system checks...

System check identified no issues (0 silenced).

You have 19 unapplied migration(s). Your project may not work properly until you apply the migrations for app(s): admin, auth, ciboulai, contenttypes, sessions.
Run 'python manage.py migrate' to apply them.
October 11, 2022 - 08:01:02
Django version 3.2.9, using settings 'DAVAI.settings'
Starting development server at http://0.0.0.0:8000/
Quit the server with CONTROL-C.
Not Found: /davai/
[11/Oct/2022 08:01:50] "GET /davai/ HTTP/1.1" 404 4418
Not Found: /davai/
[11/Oct/2022 08:57:37] "GET /davai/ HTTP/1.1" 404 4418
Not Found: /davai/
[11/Oct/2022 11:07:56] "GET /davai/ HTTP/1.1" 404 4418
Not Found: /davai/
[13/Oct/2022 05:59:11] "GET /davai/ HTTP/1.1" 404 4418
Not Found: /davai/
[14/Oct/2022 07:58:11] "GET /davai/ HTTP/1.1" 404 4418
Not Found: /davai/
[14/Oct/2022 07:58:17] "GET /davai/ HTTP/1.1" 404 4418
Not Found: /davai/
[17/Oct/2022 12:45:43] "GET /davai/ HTTP/1.1" 404 4418
Watching for file changes with StatReloader
Performing system checks...

System check identified no issues (0 silenced).

You have 1 unapplied migration(s). Your project may not work properly until you apply the migrations for app(s): auth.
Run 'python manage.py migrate' to apply them.
October 20, 2022 - 10:45:48
Django version 3.2.9, using settings 'DAVAI.settings'
Starting development server at http://0.0.0.0:8000/
Quit the server with CONTROL-C.
Not Found: /davai/
[20/Oct/2022 10:45:50] "GET /davai/ HTTP/1.1" 404 4418
Not Found: /davai/
[20/Oct/2022 11:39:12] "GET /davai/ HTTP/1.1" 404 4418
Not Found: /davai/
[20/Oct/2022 11:42:08] "GET /davai/ HTTP/1.1" 404 4418
Not Found: /davai
[20/Oct/2022 11:42:52] "GET /davai HTTP/1.1" 404 4415
Not Found: /davai
[20/Oct/2022 11:42:54] "GET /davai HTTP/1.1" 404 4415
[20/Oct/2022 11:43:53] "GET / HTTP/1.1" 200 64282
[20/Oct/2022 11:48:39] "GET / HTTP/1.1" 200 64282
[20/Oct/2022 11:48:47] "GET / HTTP/1.1" 200 64282
[20/Oct/2022 11:48:51] "GET / HTTP/1.1" 200 64282
[20/Oct/2022 12:35:58] "GET / HTTP/1.1" 200 64282
[20/Oct/2022 12:38:39] "GET / HTTP/1.1" 200 64282
[20/Oct/2022 12:40:21] "GET / HTTP/1.1" 200 64282
[20/Oct/2022 12:40:24] "GET / HTTP/1.1" 200 64282
[20/Oct/2022 12:40:29] "GET / HTTP/1.1" 200 64282
[20/Oct/2022 12:40:34] "GET / HTTP/1.1" 200 64282
[20/Oct/2022 12:43:14] "GET / HTTP/1.1" 200 64282
[20/Oct/2022 12:44:49] "GET / HTTP/1.1" 200 64282
[20/Oct/2022 12:49:13] "GET / HTTP/1.1" 200 64282
[20/Oct/2022 12:59:57] "GET / HTTP/1.1" 200 64282
[20/Oct/2022 13:00:00] "GET / HTTP/1.1" 200 64282
[21/Oct/2022 07:23:10] "GET / HTTP/1.1" 200 64282
[24/Oct/2022 12:29:12] "GET / HTTP/1.1" 200 64282
[25/Oct/2022 12:31:58] "GET / HTTP/1.1" 200 64282
Watching for file changes with StatReloader
Performing system checks...

System check identified no issues (0 silenced).
October 25, 2022 - 14:00:38
Django version 3.2.9, using settings 'DAVAI.settings'
Starting development server at http://0.0.0.0:8000/
Quit the server with CONTROL-C.
Watching for file changes with StatReloader
Performing system checks...

System check identified no issues (0 silenced).
October 25, 2022 - 14:00:51
Django version 3.2.9, using settings 'DAVAI.settings'
Starting development server at http://0.0.0.0:8000/
Quit the server with CONTROL-C.
[25/Oct/2022 14:01:11] "GET / HTTP/1.1" 200 20514
[25/Oct/2022 14:01:20] "GET / HTTP/1.1" 200 20514
[25/Oct/2022 14:01:21] "GET /allTasks HTTP/1.1" 200 8204
[25/Oct/2022 14:01:21] "GET / HTTP/1.1" 200 20514
[25/Oct/2022 14:01:42] "POST /api/ HTTP/1.1" 200 99
[25/Oct/2022 14:02:22] "GET / HTTP/1.1" 200 21791
[25/Oct/2022 14:02:24] "GET /lightView/1 HTTP/1.1" 200 53448
[25/Oct/2022 14:02:54] "GET /lightView/1 HTTP/1.1" 200 53448
[25/Oct/2022 14:03:13] "GET / HTTP/1.1" 200 21791
[25/Oct/2022 14:03:14] "GET /lightView/1 HTTP/1.1" 200 53448
[25/Oct/2022 14:03:23] "GET /lightView/1 HTTP/1.1" 200 53448
[25/Oct/2022 14:23:41] "GET /lightView/1 HTTP/1.1" 200 53448
[25/Oct/2022 14:23:42] "GET /lightView/1 HTTP/1.1" 200 53448
[25/Oct/2022 14:53:34] "GET /lightView/1 HTTP/1.1" 200 53448
[25/Oct/2022 14:57:52] "POST /api/ HTTP/1.1" 200 99
[25/Oct/2022 15:12:00] "POST /api/ HTTP/1.1" 200 70
[25/Oct/2022 15:12:26] "POST /api/ HTTP/1.1" 200 167
[25/Oct/2022 15:12:59] "POST /api/ HTTP/1.1" 200 194
[25/Oct/2022 15:13:37] "POST /api/ HTTP/1.1" 200 194
[25/Oct/2022 15:13:43] "POST /api/ HTTP/1.1" 200 194
[25/Oct/2022 15:19:52] "POST /api/ HTTP/1.1" 200 194
[25/Oct/2022 15:20:05] "POST /api/ HTTP/1.1" 200 194
[25/Oct/2022 15:20:06] "POST /api/ HTTP/1.1" 200 164
[25/Oct/2022 15:31:52] "POST /api/ HTTP/1.1" 200 191
[25/Oct/2022 15:31:53] "POST /api/ HTTP/1.1" 200 191
[25/Oct/2022 15:31:53] "POST /api/ HTTP/1.1" 200 191
[25/Oct/2022 15:38:31] "POST /api/ HTTP/1.1" 200 160
[25/Oct/2022 15:38:32] "POST /api/ HTTP/1.1" 200 170
[25/Oct/2022 15:38:33] "POST /api/ HTTP/1.1" 200 165
[25/Oct/2022 15:38:33] "POST /api/ HTTP/1.1" 200 188
[25/Oct/2022 15:38:34] "POST /api/ HTTP/1.1" 200 179
[25/Oct/2022 15:38:34] "POST /api/ HTTP/1.1" 200 170
[25/Oct/2022 15:38:36] "POST /api/ HTTP/1.1" 200 169
[25/Oct/2022 15:38:37] "POST /api/ HTTP/1.1" 200 170
[25/Oct/2022 15:38:38] "POST /api/ HTTP/1.1" 200 166
[25/Oct/2022 15:38:38] "POST /api/ HTTP/1.1" 200 162
[25/Oct/2022 15:38:39] "POST /api/ HTTP/1.1" 200 160
[25/Oct/2022 15:38:40] "POST /api/ HTTP/1.1" 200 170
[25/Oct/2022 15:38:41] "POST /api/ HTTP/1.1" 200 165
[25/Oct/2022 15:38:41] "POST /api/ HTTP/1.1" 200 165
[25/Oct/2022 15:38:41] "POST /api/ HTTP/1.1" 200 163
[25/Oct/2022 15:38:41] "POST /api/ HTTP/1.1" 200 167
[25/Oct/2022 15:38:42] "POST /api/ HTTP/1.1" 200 198
[25/Oct/2022 15:38:42] "POST /api/ HTTP/1.1" 200 154
[25/Oct/2022 15:38:42] "POST /api/ HTTP/1.1" 200 166
[25/Oct/2022 15:38:42] "POST /api/ HTTP/1.1" 200 162
[25/Oct/2022 15:38:43] "POST /api/ HTTP/1.1" 200 171
[25/Oct/2022 15:38:43] "POST /api/ HTTP/1.1" 200 163
[25/Oct/2022 15:38:44] "POST /api/ HTTP/1.1" 200 163
[25/Oct/2022 15:38:44] "POST /api/ HTTP/1.1" 200 167
[25/Oct/2022 15:38:46] "POST /api/ HTTP/1.1" 200 167
[25/Oct/2022 15:38:46] "POST /api/ HTTP/1.1" 200 163
[25/Oct/2022 15:38:47] "POST /api/ HTTP/1.1" 200 164
[25/Oct/2022 15:38:47] "POST /api/ HTTP/1.1" 200 161
[25/Oct/2022 15:38:48] "POST /api/ HTTP/1.1" 200 165
[25/Oct/2022 15:38:48] "POST /api/ HTTP/1.1" 200 162
[25/Oct/2022 15:38:48] "POST /api/ HTTP/1.1" 200 165
[25/Oct/2022 15:38:48] "POST /api/ HTTP/1.1" 200 171
[25/Oct/2022 15:38:48] "POST /api/ HTTP/1.1" 200 161
[25/Oct/2022 15:38:49] "POST /api/ HTTP/1.1" 200 162
[25/Oct/2022 15:38:49] "POST /api/ HTTP/1.1" 200 164
[25/Oct/2022 15:38:49] "POST /api/ HTTP/1.1" 200 165
[25/Oct/2022 15:38:49] "POST /api/ HTTP/1.1" 200 163
[25/Oct/2022 15:38:50] "POST /api/ HTTP/1.1" 200 193
[25/Oct/2022 15:38:50] "POST /api/ HTTP/1.1" 200 165
[25/Oct/2022 15:38:50] "POST /api/ HTTP/1.1" 200 164
[25/Oct/2022 15:38:50] "POST /api/ HTTP/1.1" 200 163
[25/Oct/2022 15:38:51] "POST /api/ HTTP/1.1" 200 164
[25/Oct/2022 15:38:51] "POST /api/ HTTP/1.1" 200 166
[25/Oct/2022 15:38:51] "POST /api/ HTTP/1.1" 200 164
[25/Oct/2022 15:38:51] "POST /api/ HTTP/1.1" 200 163
[25/Oct/2022 15:38:52] "POST /api/ HTTP/1.1" 200 164
[25/Oct/2022 15:38:53] "POST /api/ HTTP/1.1" 200 166
[25/Oct/2022 15:38:53] "POST /api/ HTTP/1.1" 200 163
[25/Oct/2022 15:38:53] "POST /api/ HTTP/1.1" 200 167
[25/Oct/2022 15:38:54] "POST /api/ HTTP/1.1" 200 164
[25/Oct/2022 15:38:55] "POST /api/ HTTP/1.1" 200 165
[25/Oct/2022 15:38:55] "POST /api/ HTTP/1.1" 200 164
[25/Oct/2022 15:38:56] "POST /api/ HTTP/1.1" 200 193
[25/Oct/2022 15:38:56] "POST /api/ HTTP/1.1" 200 165
[25/Oct/2022 15:38:57] "POST /api/ HTTP/1.1" 200 164
[25/Oct/2022 15:38:57] "POST /api/ HTTP/1.1" 200 165
[25/Oct/2022 15:38:58] "POST /api/ HTTP/1.1" 200 164
[25/Oct/2022 15:39:00] "POST /api/ HTTP/1.1" 200 165
[25/Oct/2022 15:39:00] "POST /api/ HTTP/1.1" 200 163
[25/Oct/2022 15:39:00] "POST /api/ HTTP/1.1" 200 189
[25/Oct/2022 15:39:00] "POST /api/ HTTP/1.1" 200 164
[25/Oct/2022 15:39:00] "POST /api/ HTTP/1.1" 200 163
[25/Oct/2022 15:39:02] "POST /api/ HTTP/1.1" 200 164
[25/Oct/2022 15:39:02] "POST /api/ HTTP/1.1" 200 164
[25/Oct/2022 15:39:03] "POST /api/ HTTP/1.1" 200 162
[25/Oct/2022 15:39:04] "POST /api/ HTTP/1.1" 200 164
[25/Oct/2022 15:39:04] "POST /api/ HTTP/1.1" 200 162
[25/Oct/2022 15:39:04] "POST /api/ HTTP/1.1" 200 164
[25/Oct/2022 15:39:05] "POST /api/ HTTP/1.1" 200 167
[25/Oct/2022 15:39:05] "POST /api/ HTTP/1.1" 200 220
[25/Oct/2022 15:39:06] "POST /api/ HTTP/1.1" 200 189
[25/Oct/2022 15:39:06] "POST /api/ HTTP/1.1" 200 193
[25/Oct/2022 15:39:06] "POST /api/ HTTP/1.1" 200 193
[25/Oct/2022 15:39:06] "POST /api/ HTTP/1.1" 200 193
[25/Oct/2022 15:39:07] "POST /api/ HTTP/1.1" 200 162
[25/Oct/2022 15:39:07] "POST /api/ HTTP/1.1" 200 167
[25/Oct/2022 15:39:07] "POST /api/ HTTP/1.1" 200 166
[25/Oct/2022 15:39:07] "POST /api/ HTTP/1.1" 200 162
[25/Oct/2022 15:39:07] "POST /api/ HTTP/1.1" 200 194
[25/Oct/2022 15:39:07] "GET / HTTP/1.1" 200 23160
[25/Oct/2022 15:39:08] "POST /api/ HTTP/1.1" 200 165
[25/Oct/2022 15:39:09] "POST /api/ HTTP/1.1" 200 165
[25/Oct/2022 15:39:10] "POST /api/ HTTP/1.1" 200 165
[25/Oct/2022 15:39:10] "POST /api/ HTTP/1.1" 200 165
[25/Oct/2022 15:39:10] "POST /api/ HTTP/1.1" 200 165
[25/Oct/2022 15:39:11] "GET /lightView/2 HTTP/1.1" 200 256471
[25/Oct/2022 15:39:11] "POST /api/ HTTP/1.1" 200 189
[25/Oct/2022 15:39:11] "POST /api/ HTTP/1.1" 200 166
[25/Oct/2022 15:39:11] "POST /api/ HTTP/1.1" 200 189
[25/Oct/2022 15:39:12] "POST /api/ HTTP/1.1" 200 164
[25/Oct/2022 15:39:12] "POST /api/ HTTP/1.1" 200 190
[25/Oct/2022 15:39:13] "POST /api/ HTTP/1.1" 200 166
[25/Oct/2022 15:39:14] "POST /api/ HTTP/1.1" 200 165
[25/Oct/2022 15:39:15] "POST /api/ HTTP/1.1" 200 166
[25/Oct/2022 15:39:17] "POST /api/ HTTP/1.1" 200 166
[25/Oct/2022 15:39:18] "POST /api/ HTTP/1.1" 200 166
[25/Oct/2022 15:39:18] "POST /api/ HTTP/1.1" 200 165
[25/Oct/2022 15:39:19] "POST /api/ HTTP/1.1" 200 163
[25/Oct/2022 15:39:20] "POST /api/ HTTP/1.1" 200 163
[25/Oct/2022 15:39:20] "POST /api/ HTTP/1.1" 200 163
[25/Oct/2022 15:39:21] "POST /api/ HTTP/1.1" 200 165
[25/Oct/2022 15:39:21] "POST /api/ HTTP/1.1" 200 166
[25/Oct/2022 15:39:22] "POST /api/ HTTP/1.1" 200 165
[25/Oct/2022 15:39:23] "POST /api/ HTTP/1.1" 200 164
[25/Oct/2022 15:39:23] "POST /api/ HTTP/1.1" 200 164
[25/Oct/2022 15:39:24] "POST /api/ HTTP/1.1" 200 166
[25/Oct/2022 15:39:25] "POST /api/ HTTP/1.1" 200 165
[25/Oct/2022 15:39:26] "POST /api/ HTTP/1.1" 200 164
[25/Oct/2022 15:39:26] "POST /api/ HTTP/1.1" 200 164
[25/Oct/2022 15:39:28] "POST /api/ HTTP/1.1" 200 165
[25/Oct/2022 15:39:28] "POST /api/ HTTP/1.1" 200 164
[25/Oct/2022 15:39:30] "POST /api/ HTTP/1.1" 200 163
[25/Oct/2022 15:39:30] "POST /api/ HTTP/1.1" 200 163
[25/Oct/2022 15:39:31] "POST /api/ HTTP/1.1" 200 164
[25/Oct/2022 15:39:31] "POST /api/ HTTP/1.1" 200 167
[25/Oct/2022 15:39:33] "POST /api/ HTTP/1.1" 200 164
[25/Oct/2022 15:39:33] "POST /api/ HTTP/1.1" 200 164
[25/Oct/2022 15:39:33] "GET /lightView/2 HTTP/1.1" 200 329423
[25/Oct/2022 15:39:34] "POST /api/ HTTP/1.1" 200 167
[25/Oct/2022 15:39:34] "POST /api/ HTTP/1.1" 200 166
[25/Oct/2022 15:39:36] "POST /api/ HTTP/1.1" 200 163
[25/Oct/2022 15:39:37] "POST /api/ HTTP/1.1" 200 163
[25/Oct/2022 15:39:38] "POST /api/ HTTP/1.1" 200 166
[25/Oct/2022 15:39:39] "POST /api/ HTTP/1.1" 200 166
[25/Oct/2022 15:39:42] "POST /api/ HTTP/1.1" 200 162
[25/Oct/2022 15:39:42] "POST /api/ HTTP/1.1" 200 166
[25/Oct/2022 15:39:42] "POST /api/ HTTP/1.1" 200 190
[25/Oct/2022 15:39:42] "POST /api/ HTTP/1.1" 200 166
[25/Oct/2022 15:39:42] "POST /api/ HTTP/1.1" 200 162
[25/Oct/2022 15:39:43] "POST /api/ HTTP/1.1" 200 190
[25/Oct/2022 15:39:43] "POST /api/ HTTP/1.1" 200 190
[25/Oct/2022 15:39:44] "GET /lightView/2 HTTP/1.1" 200 355510
[25/Oct/2022 15:39:44] "POST /api/ HTTP/1.1" 200 189
[25/Oct/2022 15:39:45] "POST /api/ HTTP/1.1" 200 165
[25/Oct/2022 15:39:46] "POST /api/ HTTP/1.1" 200 165
[25/Oct/2022 15:39:46] "POST /api/ HTTP/1.1" 200 166
[25/Oct/2022 15:39:48] "POST /api/ HTTP/1.1" 200 164
[25/Oct/2022 15:39:49] "POST /api/ HTTP/1.1" 200 164
[25/Oct/2022 15:39:50] "POST /api/ HTTP/1.1" 200 189
[25/Oct/2022 15:39:51] "POST /api/ HTTP/1.1" 200 189
[25/Oct/2022 15:39:51] "POST /api/ HTTP/1.1" 200 189
[25/Oct/2022 15:39:51] "POST /api/ HTTP/1.1" 200 164
[25/Oct/2022 15:39:52] "POST /api/ HTTP/1.1" 200 190
[25/Oct/2022 15:39:54] "POST /api/ HTTP/1.1" 200 164
[25/Oct/2022 15:39:55] "POST /api/ HTTP/1.1" 200 164
[25/Oct/2022 15:39:55] "POST /api/ HTTP/1.1" 200 194
[25/Oct/2022 15:39:56] "POST /api/ HTTP/1.1" 200 194
[25/Oct/2022 15:39:57] "POST /api/ HTTP/1.1" 200 164
[25/Oct/2022 15:40:01] "POST /api/ HTTP/1.1" 200 194
[25/Oct/2022 15:40:02] "POST /api/ HTTP/1.1" 200 198
[25/Oct/2022 15:40:22] "POST /api/ HTTP/1.1" 200 190
[25/Oct/2022 15:40:22] "POST /api/ HTTP/1.1" 200 190
[25/Oct/2022 15:40:23] "POST /api/ HTTP/1.1" 200 190
[25/Oct/2022 15:40:23] "POST /api/ HTTP/1.1" 200 188
[25/Oct/2022 15:40:28] "POST /api/ HTTP/1.1" 200 188
[25/Oct/2022 15:40:28] "POST /api/ HTTP/1.1" 200 188
[25/Oct/2022 15:40:28] "POST /api/ HTTP/1.1" 200 188
[25/Oct/2022 15:40:29] "POST /api/ HTTP/1.1" 200 189
[25/Oct/2022 15:40:48] "GET /lightView/2 HTTP/1.1" 200 378788
[25/Oct/2022 15:40:58] "GET /lightView/2 HTTP/1.1" 200 378788
[25/Oct/2022 15:41:10] "POST /api/ HTTP/1.1" 200 189
[25/Oct/2022 15:41:11] "POST /api/ HTTP/1.1" 200 189
[25/Oct/2022 15:41:11] "POST /api/ HTTP/1.1" 200 189
[25/Oct/2022 15:41:12] "POST /api/ HTTP/1.1" 200 188
[25/Oct/2022 15:41:18] "POST /api/ HTTP/1.1" 200 188
[25/Oct/2022 15:41:19] "POST /api/ HTTP/1.1" 200 188
[25/Oct/2022 15:41:20] "POST /api/ HTTP/1.1" 200 188
[25/Oct/2022 15:41:20] "POST /api/ HTTP/1.1" 200 189
[25/Oct/2022 15:42:03] "POST /api/ HTTP/1.1" 200 189
[25/Oct/2022 15:42:04] "POST /api/ HTTP/1.1" 200 189
[25/Oct/2022 15:42:05] "POST /api/ HTTP/1.1" 200 189
[25/Oct/2022 15:42:05] "POST /api/ HTTP/1.1" 200 190
[25/Oct/2022 15:42:11] "POST /api/ HTTP/1.1" 200 190
[25/Oct/2022 15:42:11] "POST /api/ HTTP/1.1" 200 190
[25/Oct/2022 15:42:12] "POST /api/ HTTP/1.1" 200 190
[25/Oct/2022 15:42:12] "POST /api/ HTTP/1.1" 200 191
[25/Oct/2022 15:42:24] "GET /lightView/2 HTTP/1.1" 200 378537
[25/Oct/2022 15:42:59] "POST /api/ HTTP/1.1" 200 191
[25/Oct/2022 15:42:59] "POST /api/ HTTP/1.1" 200 191
[25/Oct/2022 15:43:00] "POST /api/ HTTP/1.1" 200 191
[25/Oct/2022 15:43:00] "POST /api/ HTTP/1.1" 200 190
[25/Oct/2022 15:43:07] "POST /api/ HTTP/1.1" 200 190
[25/Oct/2022 15:43:07] "POST /api/ HTTP/1.1" 200 190
[25/Oct/2022 15:43:08] "POST /api/ HTTP/1.1" 200 190
[25/Oct/2022 15:43:08] "POST /api/ HTTP/1.1" 200 191
[25/Oct/2022 15:43:13] "POST /api/ HTTP/1.1" 200 220
[25/Oct/2022 15:43:14] "POST /api/ HTTP/1.1" 200 220
[25/Oct/2022 15:43:14] "POST /api/ HTTP/1.1" 200 220
[25/Oct/2022 15:43:41] "POST /api/ HTTP/1.1" 200 198
[25/Oct/2022 15:43:42] "POST /api/ HTTP/1.1" 200 198
[25/Oct/2022 15:43:43] "POST /api/ HTTP/1.1" 200 198
[25/Oct/2022 15:43:51] "POST /api/ HTTP/1.1" 200 191
[25/Oct/2022 15:43:52] "POST /api/ HTTP/1.1" 200 191
[25/Oct/2022 15:43:52] "POST /api/ HTTP/1.1" 200 191
[25/Oct/2022 15:48:15] "GET /lightView/2 HTTP/1.1" 200 378220
[25/Oct/2022 15:49:40] "POST /api/ HTTP/1.1" 200 190
[25/Oct/2022 15:49:44] "POST /api/ HTTP/1.1" 200 192
[25/Oct/2022 15:49:54] "POST /api/ HTTP/1.1" 200 190
[25/Oct/2022 15:49:57] "POST /api/ HTTP/1.1" 200 191
[25/Oct/2022 15:49:59] "POST /api/ HTTP/1.1" 200 190
[25/Oct/2022 15:50:02] "POST /api/ HTTP/1.1" 200 189
[25/Oct/2022 15:50:05] "POST /api/ HTTP/1.1" 200 189
[25/Oct/2022 15:50:08] "POST /api/ HTTP/1.1" 200 192
[25/Oct/2022 15:50:12] "POST /api/ HTTP/1.1" 200 190
[25/Oct/2022 15:50:15] "POST /api/ HTTP/1.1" 200 191
[25/Oct/2022 15:50:20] "POST /api/ HTTP/1.1" 200 191
[25/Oct/2022 15:50:25] "POST /api/ HTTP/1.1" 200 190
[25/Oct/2022 15:50:28] "POST /api/ HTTP/1.1" 200 191
[25/Oct/2022 15:50:31] "POST /api/ HTTP/1.1" 200 190
[25/Oct/2022 15:50:34] "POST /api/ HTTP/1.1" 200 189
[25/Oct/2022 15:50:38] "POST /api/ HTTP/1.1" 200 192
[25/Oct/2022 15:50:43] "POST /api/ HTTP/1.1" 200 191
[25/Oct/2022 15:50:46] "POST /api/ HTTP/1.1" 200 191
[25/Oct/2022 15:50:48] "POST /api/ HTTP/1.1" 200 191
[25/Oct/2022 15:58:30] "POST /api/ HTTP/1.1" 200 190
[25/Oct/2022 15:58:33] "POST /api/ HTTP/1.1" 200 172
[25/Oct/2022 15:58:37] "POST /api/ HTTP/1.1" 200 168
[25/Oct/2022 15:58:42] "POST /api/ HTTP/1.1" 200 192
[25/Oct/2022 15:58:45] "POST /api/ HTTP/1.1" 200 174
[25/Oct/2022 15:58:47] "POST /api/ HTTP/1.1" 200 170
[25/Oct/2022 15:58:49] "POST /api/ HTTP/1.1" 200 190
[25/Oct/2022 15:58:54] "POST /api/ HTTP/1.1" 200 172
[25/Oct/2022 15:58:56] "POST /api/ HTTP/1.1" 200 168
[25/Oct/2022 15:58:58] "POST /api/ HTTP/1.1" 200 191
[25/Oct/2022 15:59:01] "POST /api/ HTTP/1.1" 200 173
[25/Oct/2022 15:59:03] "POST /api/ HTTP/1.1" 200 169
[25/Oct/2022 15:59:03] "GET /lightView/2 HTTP/1.1" 200 396658
[25/Oct/2022 15:59:06] "POST /api/ HTTP/1.1" 200 190
[25/Oct/2022 15:59:08] "POST /api/ HTTP/1.1" 200 172
[25/Oct/2022 15:59:11] "POST /api/ HTTP/1.1" 200 168
[25/Oct/2022 15:59:14] "POST /api/ HTTP/1.1" 200 189
[25/Oct/2022 15:59:16] "POST /api/ HTTP/1.1" 200 171
[25/Oct/2022 15:59:19] "POST /api/ HTTP/1.1" 200 167
[25/Oct/2022 15:59:26] "POST /api/ HTTP/1.1" 200 189
[25/Oct/2022 15:59:30] "POST /api/ HTTP/1.1" 200 171
[25/Oct/2022 15:59:34] "POST /api/ HTTP/1.1" 200 167
[25/Oct/2022 15:59:40] "POST /api/ HTTP/1.1" 200 192
[25/Oct/2022 15:59:40] "GET /lightView/2 HTTP/1.1" 200 415060
[25/Oct/2022 15:59:43] "POST /api/ HTTP/1.1" 200 174
[25/Oct/2022 15:59:45] "POST /api/ HTTP/1.1" 200 170
[25/Oct/2022 15:59:48] "POST /api/ HTTP/1.1" 200 190
[25/Oct/2022 15:59:50] "POST /api/ HTTP/1.1" 200 172
[25/Oct/2022 15:59:52] "POST /api/ HTTP/1.1" 200 168
[25/Oct/2022 15:59:55] "POST /api/ HTTP/1.1" 200 191
[25/Oct/2022 15:59:58] "POST /api/ HTTP/1.1" 200 173
[25/Oct/2022 16:00:00] "POST /api/ HTTP/1.1" 200 169
[25/Oct/2022 16:00:04] "POST /api/ HTTP/1.1" 200 191
[25/Oct/2022 16:00:08] "POST /api/ HTTP/1.1" 200 173
[25/Oct/2022 16:00:10] "POST /api/ HTTP/1.1" 200 169
[25/Oct/2022 16:00:12] "POST /api/ HTTP/1.1" 200 190
[25/Oct/2022 16:00:14] "POST /api/ HTTP/1.1" 200 172
[25/Oct/2022 16:00:17] "POST /api/ HTTP/1.1" 200 168
[25/Oct/2022 16:00:19] "POST /api/ HTTP/1.1" 200 191
[25/Oct/2022 16:00:20] "POST /api/ HTTP/1.1" 200 215
[25/Oct/2022 16:00:21] "POST /api/ HTTP/1.1" 200 173
[25/Oct/2022 16:00:22] "GET /lightView/2 HTTP/1.1" 200 444034
[25/Oct/2022 16:00:24] "POST /api/ HTTP/1.1" 200 169
[25/Oct/2022 16:00:26] "POST /api/ HTTP/1.1" 200 190
[25/Oct/2022 16:00:27] "POST /api/ HTTP/1.1" 200 225
[25/Oct/2022 16:00:28] "POST /api/ HTTP/1.1" 200 172
[25/Oct/2022 16:00:30] "POST /api/ HTTP/1.1" 200 168
[25/Oct/2022 16:00:33] "POST /api/ HTTP/1.1" 200 189
[25/Oct/2022 16:00:35] "POST /api/ HTTP/1.1" 200 220
[25/Oct/2022 16:00:35] "POST /api/ HTTP/1.1" 200 171
[25/Oct/2022 16:00:37] "POST /api/ HTTP/1.1" 200 167
[25/Oct/2022 16:00:40] "POST /api/ HTTP/1.1" 200 192
[25/Oct/2022 16:00:42] "POST /api/ HTTP/1.1" 200 174
[25/Oct/2022 16:00:45] "POST /api/ HTTP/1.1" 200 170
[25/Oct/2022 16:00:47] "POST /api/ HTTP/1.1" 200 191
[25/Oct/2022 16:00:49] "POST /api/ HTTP/1.1" 200 173
[25/Oct/2022 16:00:50] "POST /api/ HTTP/1.1" 200 215
[25/Oct/2022 16:00:51] "GET /lightView/2 HTTP/1.1" 200 465158
[25/Oct/2022 16:00:51] "POST /api/ HTTP/1.1" 200 169
[25/Oct/2022 16:00:54] "POST /api/ HTTP/1.1" 200 191
[25/Oct/2022 16:00:56] "POST /api/ HTTP/1.1" 200 173
[25/Oct/2022 16:00:58] "POST /api/ HTTP/1.1" 200 169
[25/Oct/2022 16:01:01] "POST /api/ HTTP/1.1" 200 191
[25/Oct/2022 16:01:02] "GET /lightView/2 HTTP/1.1" 200 473053
[25/Oct/2022 16:01:06] "POST /api/ HTTP/1.1" 200 173
[25/Oct/2022 16:01:08] "POST /api/ HTTP/1.1" 200 169
[25/Oct/2022 16:01:18] "GET /lightView/2 HTTP/1.1" 200 478321
[25/Oct/2022 16:01:22] "POST /api/ HTTP/1.1" 200 215
[25/Oct/2022 16:01:22] "POST /api/ HTTP/1.1" 200 215
[25/Oct/2022 16:01:23] "POST /api/ HTTP/1.1" 200 215
[25/Oct/2022 16:01:24] "POST /api/ HTTP/1.1" 200 220
[25/Oct/2022 16:01:27] "GET /lightView/2 HTTP/1.1" 200 478259
[25/Oct/2022 16:01:42] "GET /lightView/2 HTTP/1.1" 200 478259
[25/Oct/2022 16:03:16] "GET /lightView/2 HTTP/1.1" 200 478259
[25/Oct/2022 16:05:04] "POST /api/ HTTP/1.1" 200 220
[25/Oct/2022 16:05:06] "POST /api/ HTTP/1.1" 200 220
[25/Oct/2022 16:05:07] "POST /api/ HTTP/1.1" 200 220
[25/Oct/2022 16:10:44] "GET /lightView/2 HTTP/1.1" 200 478195
[25/Oct/2022 16:11:55] "POST /api/ HTTP/1.1" 200 187
[25/Oct/2022 16:11:55] "POST /api/ HTTP/1.1" 200 192
[25/Oct/2022 16:11:55] "POST /api/ HTTP/1.1" 200 197
[25/Oct/2022 16:11:56] "POST /api/ HTTP/1.1" 200 165
[25/Oct/2022 16:11:57] "GET /lightView/2 HTTP/1.1" 200 480811
[25/Oct/2022 16:11:58] "POST /api/ HTTP/1.1" 200 197
[25/Oct/2022 16:11:58] "POST /api/ HTTP/1.1" 200 206
[25/Oct/2022 16:11:58] "POST /api/ HTTP/1.1" 200 215
[25/Oct/2022 16:11:58] "POST /api/ HTTP/1.1" 200 167
[25/Oct/2022 16:11:58] "POST /api/ HTTP/1.1" 200 193
[25/Oct/2022 16:11:59] "POST /api/ HTTP/1.1" 200 194
[25/Oct/2022 16:11:59] "POST /api/ HTTP/1.1" 200 198
[25/Oct/2022 16:12:00] "POST /api/ HTTP/1.1" 200 196
[25/Oct/2022 16:12:00] "POST /api/ HTTP/1.1" 200 189
[25/Oct/2022 16:12:00] "POST /api/ HTTP/1.1" 200 197
[25/Oct/2022 16:12:00] "POST /api/ HTTP/1.1" 200 190
[25/Oct/2022 16:12:01] "POST /api/ HTTP/1.1" 200 189
[25/Oct/2022 16:12:01] "POST /api/ HTTP/1.1" 200 167
[25/Oct/2022 16:12:01] "POST /api/ HTTP/1.1" 200 190
[25/Oct/2022 16:12:01] "POST /api/ HTTP/1.1" 200 188
[25/Oct/2022 16:12:01] "POST /api/ HTTP/1.1" 200 198
[25/Oct/2022 16:12:02] "POST /api/ HTTP/1.1" 200 189
[25/Oct/2022 16:12:02] "POST /api/ HTTP/1.1" 200 172
[25/Oct/2022 16:12:02] "POST /api/ HTTP/1.1" 200 188
[25/Oct/2022 16:12:02] "POST /api/ HTTP/1.1" 200 197
[25/Oct/2022 16:12:03] "POST /api/ HTTP/1.1" 200 189
[25/Oct/2022 16:12:03] "POST /api/ HTTP/1.1" 200 190
[25/Oct/2022 16:12:04] "POST /api/ HTTP/1.1" 200 191
[25/Oct/2022 16:12:04] "POST /api/ HTTP/1.1" 200 163
[25/Oct/2022 16:12:04] "POST /api/ HTTP/1.1" 200 190
[25/Oct/2022 16:12:04] "POST /api/ HTTP/1.1" 200 191
[25/Oct/2022 16:12:05] "POST /api/ HTTP/1.1" 200 191
[25/Oct/2022 16:12:05] "POST /api/ HTTP/1.1" 200 165
[25/Oct/2022 16:12:06] "POST /api/ HTTP/1.1" 200 225
[25/Oct/2022 16:12:06] "POST /api/ HTTP/1.1" 200 193
[25/Oct/2022 16:12:07] "POST /api/ HTTP/1.1" 200 192
[25/Oct/2022 16:12:09] "POST /api/ HTTP/1.1" 200 194
[25/Oct/2022 16:12:09] "POST /api/ HTTP/1.1" 200 168
[25/Oct/2022 16:12:10] "POST /api/ HTTP/1.1" 200 163
[25/Oct/2022 16:12:11] "POST /api/ HTTP/1.1" 200 193
[25/Oct/2022 16:12:13] "POST /api/ HTTP/1.1" 200 220
[25/Oct/2022 16:12:13] "POST /api/ HTTP/1.1" 200 192
[25/Oct/2022 16:12:14] "POST /api/ HTTP/1.1" 200 192
[25/Oct/2022 16:12:14] "POST /api/ HTTP/1.1" 200 192
[25/Oct/2022 16:12:16] "POST /api/ HTTP/1.1" 200 166
[25/Oct/2022 16:12:18] "POST /api/ HTTP/1.1" 200 189
[25/Oct/2022 16:12:19] "POST /api/ HTTP/1.1" 200 193
[25/Oct/2022 16:12:20] "POST /api/ HTTP/1.1" 200 193
[25/Oct/2022 16:12:20] "POST /api/ HTTP/1.1" 200 193
[25/Oct/2022 16:12:20] "POST /api/ HTTP/1.1" 200 194
[25/Oct/2022 16:12:22] "POST /api/ HTTP/1.1" 200 189
[25/Oct/2022 16:12:23] "POST /api/ HTTP/1.1" 200 189
[25/Oct/2022 16:12:23] "POST /api/ HTTP/1.1" 200 189
[25/Oct/2022 16:12:24] "POST /api/ HTTP/1.1" 200 190
[25/Oct/2022 16:12:26] "POST /api/ HTTP/1.1" 200 187
[25/Oct/2022 16:12:28] "POST /api/ HTTP/1.1" 200 215
[25/Oct/2022 16:12:51] "GET /lightView/2 HTTP/1.1" 200 502656
[25/Oct/2022 16:12:54] "POST /api/ HTTP/1.1" 200 215
[25/Oct/2022 16:12:54] "POST /api/ HTTP/1.1" 200 190
[25/Oct/2022 16:12:54] "POST /api/ HTTP/1.1" 200 215
[25/Oct/2022 16:12:55] "POST /api/ HTTP/1.1" 200 215
[25/Oct/2022 16:12:56] "POST /api/ HTTP/1.1" 200 220
[25/Oct/2022 16:13:00] "POST /api/ HTTP/1.1" 200 190
[25/Oct/2022 16:13:00] "POST /api/ HTTP/1.1" 200 190
[25/Oct/2022 16:13:01] "POST /api/ HTTP/1.1" 200 189
[25/Oct/2022 16:13:06] "POST /api/ HTTP/1.1" 200 189
[25/Oct/2022 16:13:07] "POST /api/ HTTP/1.1" 200 194
[25/Oct/2022 16:13:08] "POST /api/ HTTP/1.1" 200 189
[25/Oct/2022 16:13:08] "POST /api/ HTTP/1.1" 200 194
[25/Oct/2022 16:13:08] "POST /api/ HTTP/1.1" 200 189
[25/Oct/2022 16:13:09] "POST /api/ HTTP/1.1" 200 194
[25/Oct/2022 16:13:09] "POST /api/ HTTP/1.1" 200 190
[25/Oct/2022 16:13:10] "POST /api/ HTTP/1.1" 200 198
[25/Oct/2022 16:13:37] "POST /api/ HTTP/1.1" 200 187
[25/Oct/2022 16:13:38] "POST /api/ HTTP/1.1" 200 187
[25/Oct/2022 16:13:39] "POST /api/ HTTP/1.1" 200 187
[25/Oct/2022 16:13:40] "POST /api/ HTTP/1.1" 200 190
[25/Oct/2022 16:13:40] "POST /api/ HTTP/1.1" 200 190
[25/Oct/2022 16:13:40] "POST /api/ HTTP/1.1" 200 190
[25/Oct/2022 16:13:41] "POST /api/ HTTP/1.1" 200 188
[25/Oct/2022 16:13:46] "POST /api/ HTTP/1.1" 200 194
[25/Oct/2022 16:13:47] "POST /api/ HTTP/1.1" 200 188
[25/Oct/2022 16:13:47] "POST /api/ HTTP/1.1" 200 188
[25/Oct/2022 16:13:48] "POST /api/ HTTP/1.1" 200 188
[25/Oct/2022 16:13:49] "POST /api/ HTTP/1.1" 200 189
[25/Oct/2022 16:13:55] "POST /api/ HTTP/1.1" 200 194
[25/Oct/2022 16:14:29] "POST /api/ HTTP/1.1" 200 189
[25/Oct/2022 16:14:30] "POST /api/ HTTP/1.1" 200 189
[25/Oct/2022 16:14:30] "POST /api/ HTTP/1.1" 200 189
[25/Oct/2022 16:14:31] "POST /api/ HTTP/1.1" 200 188
[25/Oct/2022 16:14:37] "POST /api/ HTTP/1.1" 200 188
[25/Oct/2022 16:14:37] "POST /api/ HTTP/1.1" 200 188
[25/Oct/2022 16:14:37] "POST /api/ HTTP/1.1" 200 188
[25/Oct/2022 16:14:38] "POST /api/ HTTP/1.1" 200 189
[25/Oct/2022 16:15:21] "POST /api/ HTTP/1.1" 200 189
[25/Oct/2022 16:15:22] "POST /api/ HTTP/1.1" 200 189
[25/Oct/2022 16:15:23] "POST /api/ HTTP/1.1" 200 189
[25/Oct/2022 16:15:23] "POST /api/ HTTP/1.1" 200 190
[25/Oct/2022 16:15:26] "GET /lightView/2 HTTP/1.1" 200 502000
[25/Oct/2022 16:15:29] "POST /api/ HTTP/1.1" 200 190
[25/Oct/2022 16:15:29] "POST /api/ HTTP/1.1" 200 190
[25/Oct/2022 16:15:30] "POST /api/ HTTP/1.1" 200 190
[25/Oct/2022 16:15:30] "POST /api/ HTTP/1.1" 200 191
[25/Oct/2022 16:16:14] "POST /api/ HTTP/1.1" 200 191
[25/Oct/2022 16:16:14] "POST /api/ HTTP/1.1" 200 191
[25/Oct/2022 16:16:15] "POST /api/ HTTP/1.1" 200 191
[25/Oct/2022 16:16:16] "POST /api/ HTTP/1.1" 200 190
[25/Oct/2022 16:16:22] "POST /api/ HTTP/1.1" 200 190
[25/Oct/2022 16:16:23] "POST /api/ HTTP/1.1" 200 190
[25/Oct/2022 16:16:24] "POST /api/ HTTP/1.1" 200 190
[25/Oct/2022 16:16:25] "POST /api/ HTTP/1.1" 200 191
[25/Oct/2022 16:16:33] "POST /api/ HTTP/1.1" 200 220
[25/Oct/2022 16:16:35] "POST /api/ HTTP/1.1" 200 220
[25/Oct/2022 16:16:36] "POST /api/ HTTP/1.1" 200 220
[25/Oct/2022 16:16:47] "POST /api/ HTTP/1.1" 200 198
[25/Oct/2022 16:16:49] "POST /api/ HTTP/1.1" 200 198
[25/Oct/2022 16:16:49] "POST /api/ HTTP/1.1" 200 198
[25/Oct/2022 16:16:50] "POST /api/ HTTP/1.1" 200 198
[25/Oct/2022 16:17:08] "POST /api/ HTTP/1.1" 200 191
[25/Oct/2022 16:17:09] "POST /api/ HTTP/1.1" 200 191
[25/Oct/2022 16:17:09] "POST /api/ HTTP/1.1" 200 191
[25/Oct/2022 16:17:10] "POST /api/ HTTP/1.1" 200 191
[25/Oct/2022 16:19:27] "GET /lightView/2 HTTP/1.1" 200 501622
[25/Oct/2022 16:21:30] "POST /api/ HTTP/1.1" 200 191
[25/Oct/2022 16:21:30] "POST /api/ HTTP/1.1" 200 191
[25/Oct/2022 16:21:36] "POST /api/ HTTP/1.1" 200 191
[25/Oct/2022 16:21:36] "POST /api/ HTTP/1.1" 200 194
[25/Oct/2022 16:28:03] "POST /api/ HTTP/1.1" 200 194
[25/Oct/2022 16:28:03] "POST /api/ HTTP/1.1" 200 194
[25/Oct/2022 16:28:04] "POST /api/ HTTP/1.1" 200 194
[25/Oct/2022 16:32:56] "POST /api/ HTTP/1.1" 200 198
[25/Oct/2022 16:32:56] "POST /api/ HTTP/1.1" 200 198
[25/Oct/2022 16:32:57] "POST /api/ HTTP/1.1" 200 198
[26/Oct/2022 06:42:33] "GET /lightView/1 HTTP/1.1" 200 53448
[26/Oct/2022 07:49:48] "GET /lightView/2 HTTP/1.1" 200 501431
[26/Oct/2022 07:52:49] "GET /lightView/1 HTTP/1.1" 200 53448
